<?xml version="1.0" encoding="UTF-8"?>
<!-- Generated by org.testng.reporters.JUnitReportReporter -->
<testsuite hostname="MacBook-Marina.local" name="com.example.tests.ContactCreationTest" tests="2" failures="0" timestamp="22 Oct 2015 18:59:39 GMT" time="39.830" errors="0">
  <testcase name="testnotEmptyContactCreation" time="7.165" classname="com.example.tests.ContactCreationTest"/>
  <testcase name="testEmptyContactCreation" time="32.665" classname="com.example.tests.ContactCreationTest"/>
</testsuite> <!-- com.example.tests.ContactCreationTest -->
