<?xml version="1.0" encoding="UTF-8"?>
<!-- Generated by org.testng.reporters.JUnitReportReporter -->
<testsuite hostname="MacBook-Marina.local" name="com.example.tests.ContactCreationTest" tests="2" failures="0" timestamp="22 Oct 2015 19:26:10 GMT" time="8.398" errors="0">
  <testcase name="testnotEmptyContactCreation" time="4.142" classname="com.example.tests.ContactCreationTest"/>
  <testcase name="testEmptyContactCreation" time="4.256" classname="com.example.tests.ContactCreationTest"/>
</testsuite> <!-- com.example.tests.ContactCreationTest -->
