<?xml version="1.0" encoding="UTF-8"?>
<!-- Generated by org.testng.reporters.JUnitReportReporter -->
<testsuite hostname="MacBook-Marina.local" name="com.example.tests.GroupCreationTest" tests="2" failures="0" timestamp="23 Oct 2015 08:24:57 GMT" time="3.268" errors="0">
  <testcase name="testNonEmptyGroupCreation" time="1.364" classname="com.example.tests.GroupCreationTest"/>
  <testcase name="testEmptyGroupCreation" time="1.904" classname="com.example.tests.GroupCreationTest"/>
</testsuite> <!-- com.example.tests.GroupCreationTest -->
