<?xml version="1.0" encoding="UTF-8"?>
<!-- Generated by org.testng.reporters.JUnitReportReporter -->
<testsuite hostname="MacBook-Marina.local" name="com.example.tests.GroupCreationTest" tests="2" failures="0" timestamp="24 Oct 2015 10:36:51 GMT" time="7.947" errors="0">
  <testcase name="testNonEmptyGroupCreation" time="3.484" classname="com.example.tests.GroupCreationTest"/>
  <testcase name="testEmptyGroupCreation" time="4.463" classname="com.example.tests.GroupCreationTest"/>
</testsuite> <!-- com.example.tests.GroupCreationTest -->
