<?xml version="1.0" encoding="UTF-8"?>
<!-- Generated by org.testng.reporters.JUnitReportReporter -->
<testsuite hostname="MacBook-Marina.local" name="com.example.tests.GroupModificationTests" tests="6" failures="0" timestamp="1 Nov 2015 21:00:52 GMT" time="20.184" errors="0">
  <testcase name="modifySomeGroups" time="2.412" classname="com.example.tests.GroupModificationTests"/>
  <testcase name="modifySomeGroups" time="1.974" classname="com.example.tests.GroupModificationTests"/>
  <testcase name="modifySomeGroups" time="6.240" classname="com.example.tests.GroupModificationTests"/>
  <testcase name="modifySomeGroups" time="2.763" classname="com.example.tests.GroupModificationTests"/>
  <testcase name="modifySomeGroups" time="3.316" classname="com.example.tests.GroupModificationTests"/>
  <testcase name="modifySomeGroups" time="3.479" classname="com.example.tests.GroupModificationTests"/>
</testsuite> <!-- com.example.tests.GroupModificationTests -->
