<?xml version="1.0" encoding="UTF-8"?>
<!-- Generated by org.testng.reporters.JUnitReportReporter -->
<testsuite hostname="MacBook-Marina.local" name="com.example.tests.ContactCreationTest" tests="5" failures="0" timestamp="3 Nov 2015 22:01:54 GMT" time="32.388" errors="0">
  <testcase name="ContactCreationwithValidData" time="5.045" classname="com.example.tests.ContactCreationTest"/>
  <testcase name="ContactCreationwithValidData" time="4.880" classname="com.example.tests.ContactCreationTest"/>
  <testcase name="ContactCreationwithValidData" time="10.348" classname="com.example.tests.ContactCreationTest"/>
  <testcase name="ContactCreationwithValidData" time="4.978" classname="com.example.tests.ContactCreationTest"/>
  <testcase name="ContactCreationwithValidData" time="7.137" classname="com.example.tests.ContactCreationTest"/>
</testsuite> <!-- com.example.tests.ContactCreationTest -->
