<?xml version="1.0" encoding="UTF-8"?>
<!-- Generated by org.testng.reporters.JUnitReportReporter -->
<testsuite hostname="MacBook-Marina.local" name="com.example.tests.ContactCreationTest" tests="5" failures="0" timestamp="4 Nov 2015 13:33:56 GMT" time="33.816" errors="0">
  <testcase name="ContactCreationwithValidData" time="6.196" classname="com.example.tests.ContactCreationTest"/>
  <testcase name="ContactCreationwithValidData" time="4.987" classname="com.example.tests.ContactCreationTest"/>
  <testcase name="ContactCreationwithValidData" time="7.070" classname="com.example.tests.ContactCreationTest"/>
  <testcase name="ContactCreationwithValidData" time="10.348" classname="com.example.tests.ContactCreationTest"/>
  <testcase name="ContactCreationwithValidData" time="5.215" classname="com.example.tests.ContactCreationTest"/>
</testsuite> <!-- com.example.tests.ContactCreationTest -->
