<?xml version="1.0" encoding="UTF-8"?>
<!-- Generated by org.testng.reporters.JUnitReportReporter -->
<testsuite hostname="MacBook-Marina.local" name="com.example.tests.ContactCreationTest" tests="2" failures="0" timestamp="14 Oct 2015 18:25:54 GMT" time="5.989" errors="0">
  <testcase name="testnotEmptyContactCreation" time="3.022" classname="com.example.tests.ContactCreationTest"/>
  <testcase name="testEmptyContactCreation" time="2.967" classname="com.example.tests.ContactCreationTest"/>
</testsuite> <!-- com.example.tests.ContactCreationTest -->
