<?xml version="1.0" encoding="UTF-8"?>
<!-- Generated by org.testng.reporters.JUnitReportReporter -->
<testsuite hostname="MacBook-Marina.local" name="com.example.tests.GroupCreationTest" tests="2" failures="0" timestamp="23 Oct 2015 08:27:59 GMT" time="4.116" errors="0">
  <testcase name="testNonEmptyGroupCreation" time="1.725" classname="com.example.tests.GroupCreationTest"/>
  <testcase name="testEmptyGroupCreation" time="2.391" classname="com.example.tests.GroupCreationTest"/>
</testsuite> <!-- com.example.tests.GroupCreationTest -->
