<?xml version="1.0" encoding="UTF-8"?>
<!-- Generated by org.testng.reporters.JUnitReportReporter -->
<testsuite hostname="MacBook-Marina.local" name="com.example.tests.ContactCreationTest" tests="5" failures="0" timestamp="13 Nov 2015 07:28:35 GMT" time="41.497" errors="0">
  <testcase name="ContactCreationwithValidData" time="14.585" classname="com.example.tests.ContactCreationTest"/>
  <testcase name="ContactCreationwithValidData" time="7.242" classname="com.example.tests.ContactCreationTest"/>
  <testcase name="ContactCreationwithValidData" time="6.761" classname="com.example.tests.ContactCreationTest"/>
  <testcase name="ContactCreationwithValidData" time="5.532" classname="com.example.tests.ContactCreationTest"/>
  <testcase name="ContactCreationwithValidData" time="7.377" classname="com.example.tests.ContactCreationTest"/>
</testsuite> <!-- com.example.tests.ContactCreationTest -->
