<?xml version="1.0" encoding="UTF-8"?>
<!-- Generated by org.testng.reporters.JUnitReportReporter -->
<testsuite hostname="MacBook-Marina.local" name="com.example.tests.GroupCreationTest" tests="2" failures="0" timestamp="19 Oct 2015 19:36:18 GMT" time="27.418" errors="0">
  <testcase name="testNonEmptyGroupCreation" time="5.967" classname="com.example.tests.GroupCreationTest"/>
  <testcase name="testEmptyGroupCreation" time="21.451" classname="com.example.tests.GroupCreationTest"/>
</testsuite> <!-- com.example.tests.GroupCreationTest -->
