<?xml version="1.0" encoding="UTF-8"?>
<!-- Generated by org.testng.reporters.JUnitReportReporter -->
<testsuite hostname="MacBook-Marina.local" name="com.example.tests.GroupRemovalTests" tests="1" failures="0" timestamp="1 Nov 2015 21:04:03 GMT" time="2.878" errors="0">
  <testcase name="deleteSomeGroup" time="2.878" classname="com.example.tests.GroupRemovalTests"/>
</testsuite> <!-- com.example.tests.GroupRemovalTests -->
