<?xml version="1.0" encoding="UTF-8"?>
<!-- Generated by org.testng.reporters.JUnitReportReporter -->
<testsuite hostname="MacBook-Marina.local" name="com.example.tests.GroupModificationTests" tests="1" failures="0" timestamp="24 Oct 2015 10:36:51 GMT" time="2.560" errors="0">
  <testcase name="modifySomeGroups" time="2.560" classname="com.example.tests.GroupModificationTests"/>
</testsuite> <!-- com.example.tests.GroupModificationTests -->
