<?xml version="1.0" encoding="UTF-8"?>
<!-- Generated by org.testng.reporters.JUnitReportReporter -->
<testsuite hostname="MacBook-Marina.local" name="com.example.tests.GroupModificationTests" tests="6" failures="0" timestamp="4 Nov 2015 13:33:56 GMT" time="13.005" errors="0">
  <testcase name="modifySomeGroups" time="2.001" classname="com.example.tests.GroupModificationTests"/>
  <testcase name="modifySomeGroups" time="2.150" classname="com.example.tests.GroupModificationTests"/>
  <testcase name="modifySomeGroups" time="2.070" classname="com.example.tests.GroupModificationTests"/>
  <testcase name="modifySomeGroups" time="2.285" classname="com.example.tests.GroupModificationTests"/>
  <testcase name="modifySomeGroups" time="2.017" classname="com.example.tests.GroupModificationTests"/>
  <testcase name="modifySomeGroups" time="2.482" classname="com.example.tests.GroupModificationTests"/>
</testsuite> <!-- com.example.tests.GroupModificationTests -->
