<?xml version="1.0" encoding="UTF-8"?>
<!-- Generated by org.testng.reporters.JUnitReportReporter -->
<testsuite hostname="MacBook-Marina.local" name="com.example.tests.GroupCreationTest" tests="2" failures="0" timestamp="14 Oct 2015 18:25:54 GMT" time="5.666" errors="0">
  <testcase name="testNonEmptyGroupCreation" time="3.655" classname="com.example.tests.GroupCreationTest"/>
  <testcase name="testEmptyGroupCreation" time="2.011" classname="com.example.tests.GroupCreationTest"/>
</testsuite> <!-- com.example.tests.GroupCreationTest -->
