<?xml version="1.0" encoding="UTF-8"?>
<!-- Generated by org.testng.reporters.JUnitReportReporter -->
<testsuite hostname="MacBook-Marina.local" name="com.example.tests.ContactCreationTest" tests="2" failures="0" timestamp="22 Oct 2015 22:06:49 GMT" time="7.090" errors="0">
  <testcase name="testnotEmptyContactCreation" time="3.870" classname="com.example.tests.ContactCreationTest"/>
  <testcase name="testEmptyContactCreation" time="3.220" classname="com.example.tests.ContactCreationTest"/>
</testsuite> <!-- com.example.tests.ContactCreationTest -->
