<?xml version="1.0" encoding="UTF-8"?>
<!-- Generated by org.testng.reporters.JUnitReportReporter -->
<testsuite hostname="MacBook-Marina.local" name="com.example.tests.ContactCreationTest" tests="2" failures="0" timestamp="23 Oct 2015 14:07:57 GMT" time="18.958" errors="0">
  <testcase name="testnotEmptyContactCreation" time="4.124" classname="com.example.tests.ContactCreationTest"/>
  <testcase name="testEmptyContactCreation" time="14.834" classname="com.example.tests.ContactCreationTest"/>
</testsuite> <!-- com.example.tests.ContactCreationTest -->
