<?xml version="1.0" encoding="UTF-8"?>
<!-- Generated by org.testng.reporters.JUnitReportReporter -->
<testsuite hostname="MacBook-Marina.local" name="com.example.tests.ContactRemovalTest" tests="1" failures="0" timestamp="3 Nov 2015 22:06:13 GMT" time="4.063" errors="0">
  <testcase name="deletesomecontact" time="4.063" classname="com.example.tests.ContactRemovalTest"/>
</testsuite> <!-- com.example.tests.ContactRemovalTest -->
