<?xml version="1.0" encoding="UTF-8"?>
<!-- Generated by org.testng.reporters.JUnitReportReporter -->
<testsuite hostname="MacBook-Marina.local" name="com.example.tests.ContactModificationTest" tests="1" failures="0" timestamp="24 Oct 2015 10:36:51 GMT" time="1.670" errors="0">
  <testcase name="modifySomeGroups" time="1.670" classname="com.example.tests.ContactModificationTest"/>
</testsuite> <!-- com.example.tests.ContactModificationTest -->
