<?xml version="1.0" encoding="UTF-8"?>
<!-- Generated by org.testng.reporters.JUnitReportReporter -->
<testsuite hostname="MacBook-Marina.local" name="com.example.tests.GroupRemovalTests" tests="1" failures="0" timestamp="24 Oct 2015 10:36:51 GMT" time="1.683" errors="0">
  <testcase name="deleteSomeGroup" time="1.683" classname="com.example.tests.GroupRemovalTests"/>
</testsuite> <!-- com.example.tests.GroupRemovalTests -->
