<?xml version="1.0" encoding="UTF-8"?>
<!-- Generated by org.testng.reporters.JUnitReportReporter -->
<testsuite hostname="MacBook-Marina.local" name="com.example.tests.GroupRemovalTests" tests="1" failures="0" timestamp="4 Nov 2015 13:33:56 GMT" time="1.875" errors="0">
  <testcase name="deleteSomeGroup" time="1.875" classname="com.example.tests.GroupRemovalTests"/>
</testsuite> <!-- com.example.tests.GroupRemovalTests -->
