<?xml version="1.0" encoding="UTF-8"?>
<!-- Generated by org.testng.reporters.JUnitReportReporter -->
<testsuite hostname="MacBook-Marina.local" name="com.example.tests.ContactModificationTest" tests="5" failures="0" timestamp="4 Nov 2015 13:33:56 GMT" time="22.988" errors="0">
  <testcase name="modifySomeContact" time="4.598" classname="com.example.tests.ContactModificationTest"/>
  <testcase name="modifySomeContact" time="4.528" classname="com.example.tests.ContactModificationTest"/>
  <testcase name="modifySomeContact" time="4.845" classname="com.example.tests.ContactModificationTest"/>
  <testcase name="modifySomeContact" time="4.743" classname="com.example.tests.ContactModificationTest"/>
  <testcase name="modifySomeContact" time="4.274" classname="com.example.tests.ContactModificationTest"/>
</testsuite> <!-- com.example.tests.ContactModificationTest -->
