<?xml version="1.0" encoding="UTF-8"?>
<!-- Generated by org.testng.reporters.JUnitReportReporter -->
<testsuite hostname="MacBook-Marina.local" name="com.example.tests.ContactCreationTest" tests="2" failures="0" timestamp="24 Oct 2015 10:36:51 GMT" time="6.257" errors="0">
  <testcase name="testEmptyContactCreation" time="3.124" classname="com.example.tests.ContactCreationTest"/>
  <testcase name="testnotEmptyContactCreation" time="3.133" classname="com.example.tests.ContactCreationTest"/>
</testsuite> <!-- com.example.tests.ContactCreationTest -->
