<?xml version="1.0" encoding="UTF-8"?>
<!-- Generated by org.testng.reporters.JUnitReportReporter -->
<testsuite hostname="MacBook-Marina.local" name="com.example.tests.ContactRemovalTest" tests="1" failures="0" timestamp="13 Nov 2015 07:41:58 GMT" time="8.401" errors="0">
  <testcase name="deletesomecontact" time="8.401" classname="com.example.tests.ContactRemovalTest"/>
</testsuite> <!-- com.example.tests.ContactRemovalTest -->
