<?xml version="1.0" encoding="UTF-8"?>
<!-- Generated by org.testng.reporters.JUnitReportReporter -->
<testsuite hostname="MacBook-Marina.local" name="com.example.tests.ContactCreationTest" tests="2" failures="0" timestamp="23 Oct 2015 13:35:09 GMT" time="13.075" errors="0">
  <testcase name="testnotEmptyContactCreation" time="8.075" classname="com.example.tests.ContactCreationTest"/>
  <testcase name="testEmptyContactCreation" time="5.000" classname="com.example.tests.ContactCreationTest"/>
</testsuite> <!-- com.example.tests.ContactCreationTest -->
