<?xml version="1.0" encoding="UTF-8"?>
<!-- Generated by org.testng.reporters.JUnitReportReporter -->
<testsuite hostname="MacBook-Marina.local" name="com.example.tests.GroupCreationTest" tests="2" failures="0" timestamp="21 Oct 2015 19:34:28 GMT" time="8.828" errors="0">
  <testcase name="testNonEmptyGroupCreation" time="2.922" classname="com.example.tests.GroupCreationTest"/>
  <testcase name="testEmptyGroupCreation" time="5.906" classname="com.example.tests.GroupCreationTest"/>
</testsuite> <!-- com.example.tests.GroupCreationTest -->
