<?xml version="1.0" encoding="UTF-8"?>
<!-- Generated by org.testng.reporters.JUnitReportReporter -->
<testsuite hostname="MacBook-Marina.local" name="com.example.tests.GroupModificationTests" tests="6" failures="0" timestamp="3 Nov 2015 19:25:02 GMT" time="21.066" errors="0">
  <testcase name="modifySomeGroups" time="4.447" classname="com.example.tests.GroupModificationTests"/>
  <testcase name="modifySomeGroups" time="2.492" classname="com.example.tests.GroupModificationTests"/>
  <testcase name="modifySomeGroups" time="2.880" classname="com.example.tests.GroupModificationTests"/>
  <testcase name="modifySomeGroups" time="2.765" classname="com.example.tests.GroupModificationTests"/>
  <testcase name="modifySomeGroups" time="2.871" classname="com.example.tests.GroupModificationTests"/>
  <testcase name="modifySomeGroups" time="5.611" classname="com.example.tests.GroupModificationTests"/>
</testsuite> <!-- com.example.tests.GroupModificationTests -->
