<?xml version="1.0" encoding="UTF-8"?>
<!-- Generated by org.testng.reporters.JUnitReportReporter -->
<testsuite hostname="MacBook-Marina.local" name="com.example.tests.GroupCreationTest" tests="2" failures="0" timestamp="23 Oct 2015 14:07:57 GMT" time="2.885" errors="0">
  <testcase name="testNonEmptyGroupCreation" time="1.339" classname="com.example.tests.GroupCreationTest"/>
  <testcase name="testEmptyGroupCreation" time="1.546" classname="com.example.tests.GroupCreationTest"/>
</testsuite> <!-- com.example.tests.GroupCreationTest -->
