<?xml version="1.0" encoding="UTF-8"?>
<!-- Generated by org.testng.reporters.JUnitReportReporter -->
<testsuite hostname="MacBook-Marina.local" name="com.example.tests.GroupRemovalTests" tests="1" failures="0" timestamp="3 Nov 2015 22:03:55 GMT" time="4.083" errors="0">
  <testcase name="deleteSomeGroup" time="4.083" classname="com.example.tests.GroupRemovalTests"/>
</testsuite> <!-- com.example.tests.GroupRemovalTests -->
