<?xml version="1.0" encoding="UTF-8"?>
<!-- Generated by org.testng.reporters.JUnitReportReporter -->
<testsuite hostname="MacBook-Marina.local" name="com.example.tests.GroupModificationTests" tests="1" failures="0" timestamp="23 Oct 2015 14:07:57 GMT" time="2.012" errors="0">
  <testcase name="modifySomeGroups" time="2.012" classname="com.example.tests.GroupModificationTests"/>
</testsuite> <!-- com.example.tests.GroupModificationTests -->
