<?xml version="1.0" encoding="UTF-8"?>
<!-- Generated by org.testng.reporters.JUnitReportReporter -->
<testsuite hostname="MacBook-Marina.local" name="com.example.tests.GroupRemovalTests" tests="1" failures="0" timestamp="23 Oct 2015 14:07:57 GMT" time="1.377" errors="0">
  <testcase name="deleteSomeGroup" time="1.377" classname="com.example.tests.GroupRemovalTests"/>
</testsuite> <!-- com.example.tests.GroupRemovalTests -->
