<?xml version="1.0" encoding="UTF-8"?>
<!-- Generated by org.testng.reporters.JUnitReportReporter -->
<testsuite hostname="MacBook-Marina.local" name="com.example.tests.ContactCreationTest" tests="2" failures="0" timestamp="14 Oct 2015 18:01:50 GMT" time="9.909" errors="0">
  <testcase name="testEmptyContactCreation" time="4.842" classname="com.example.tests.ContactCreationTest"/>
  <testcase name="testnotEmptyContactCreation" time="5.067" classname="com.example.tests.ContactCreationTest"/>
</testsuite> <!-- com.example.tests.ContactCreationTest -->
