<?xml version="1.0" encoding="UTF-8"?>
<!-- Generated by org.testng.reporters.JUnitReportReporter -->
<testsuite hostname="MacBook-Marina.local" name="com.example.tests.GroupCreationTest" tests="2" failures="0" timestamp="14 Oct 2015 18:01:50 GMT" time="3.343" errors="0">
  <testcase name="testNonEmptyGroupCreation" time="1.241" classname="com.example.tests.GroupCreationTest"/>
  <testcase name="testEmptyGroupCreation" time="2.102" classname="com.example.tests.GroupCreationTest"/>
</testsuite> <!-- com.example.tests.GroupCreationTest -->
